2023-08-26 08:23:51.824 [info] [Info  - 8:23:51 AM] (489) Pylance language server 2023.8.40 (pyright 03f79a81) starting
2023-08-26 08:23:51.878 [info] [Info  - 8:23:51 AM] (489) Server root directory: /root/.vscode-server/extensions/ms-python.vscode-pylance-2023.8.40/dist
2023-08-26 08:23:51.884 [info] [Info  - 8:23:51 AM] (489) Starting service instance "root"
2023-08-26 08:23:52.080 [info] [Info  - 8:23:52 AM] (489) Setting pythonPath for service "root": "/usr/local/bin/python"
2023-08-26 08:23:52.091 [info] [Warn  - 8:23:52 AM] (489) stubPath /root/typings is not a valid directory.
2023-08-26 08:23:52.209 [info] [Info  - 8:23:52 AM] (489) Assuming Python version 3.11
2023-08-26 08:23:56.421 [info] [Info  - 8:23:56 AM] (489) Found 1 source file
2023-08-26 08:24:04.074 [info] [Info  - 8:24:04 AM] (489) [BG(1)] Long operation: parsing: /root/code/main.py (4466ms)
2023-08-26 08:24:04.489 [info] [Info  - 8:24:04 AM] (489) [BG(1)] Long operation: indexing: /root/code/main.py (4884ms)
2023-08-26 08:24:28.574 [info] [Info  - 8:24:28 AM] (489) [IDX(2)] Long operation: scan packages /root (27725ms)
2023-08-26 08:24:33.674 [info] [Info  - 8:24:33 AM] (489) [IDX(2)] Long operation: parsing: /usr/local/lib/python3.11/xml/__init__.py (4874ms)
2023-08-26 08:24:33.886 [info] [Info  - 8:24:33 AM] (489) [IDX(2)] Long operation: indexing: /usr/local/lib/python3.11/xml/__init__.py (5085ms)
2023-08-26 08:24:33.895 [info] [Info  - 8:24:33 AM] (489) [IDX(2)] Long operation: index execution environment /root (5122ms)
2023-08-26 08:24:33.896 [info] [Info  - 8:24:33 AM] (489) [IDX(2)] Long operation: index packages /root (5165ms)
2023-08-26 08:29:50.408 [info] [Info  - 8:29:50 AM] (489) [BG(1)] Long operation: analyzing: /root/code/experiment.ipynb:pylance-notebook-cell:X11sdnNjb2RlLXJlbW90ZQ==.py (2415ms)
2023-08-26 08:29:50.412 [info] [Info  - 8:29:50 AM] (489) [BG(1)] Long operation: analyzing: /root/code/experiment.ipynb:pylance-notebook-cell:pylancePrefixCell.py (2420ms)
2023-08-26 08:30:10.632 [info] [Info  - 8:30:10 AM] (489) [IDX(3)] Long operation: scan packages /root (22036ms)
2023-08-26 08:30:14.233 [info] [Info  - 8:30:14 AM] (489) [IDX(3)] Long operation: parsing: /usr/local/lib/python3.11/xml/__init__.py (3367ms)
2023-08-26 08:30:14.349 [info] [Info  - 8:30:14 AM] (489) [IDX(3)] Long operation: indexing: /usr/local/lib/python3.11/xml/__init__.py (3483ms)
2023-08-26 08:30:15.351 [info] [Info  - 8:30:15 AM] (489) [IDX(3)] Long operation: index execution environment /root (4497ms)
2023-08-26 08:30:15.352 [info] [Info  - 8:30:15 AM] (489) [IDX(3)] Long operation: index packages /root (4581ms)
2023-08-26 08:33:08.209 [info] [Info  - 8:33:08 AM] (489) [BG(1)] Long operation: analyzing: /root/code/experiment.ipynb:pylance-notebook-cell:X11sdnNjb2RlLXJlbW90ZQ==.py (2601ms)
2023-08-26 08:33:08.220 [info] [Info  - 8:33:08 AM] (489) [BG(1)] Long operation: analyzing: /root/code/experiment.ipynb:pylance-notebook-cell:pylancePrefixCell.py (2613ms)
2023-08-26 08:33:29.542 [info] [Info  - 8:33:29 AM] (489) [IDX(4)] Long operation: scan packages /root (23253ms)
2023-08-26 08:33:33.321 [info] [Info  - 8:33:33 AM] (489) [IDX(4)] Long operation: parsing: /root/.vscode-server/extensions/ms-python.vscode-pylance-2023.8.40/dist/typeshed-fallback/stubs/pytz/pytz/__init__.pyi (3427ms)
2023-08-26 08:33:33.507 [info] [Info  - 8:33:33 AM] (489) [IDX(4)] Long operation: indexing: /root/.vscode-server/extensions/ms-python.vscode-pylance-2023.8.40/dist/typeshed-fallback/stubs/pytz/pytz/__init__.pyi (3686ms)
2023-08-26 08:33:38.748 [info] [Info  - 8:33:38 AM] (489) [IDX(4)] Long operation: indexing: /root/.vscode-server/extensions/ms-python.vscode-pylance-2023.8.40/dist/bundled/stubs/pandas/__init__.pyi (5241ms)
2023-08-26 08:33:39.626 [info] [Info  - 8:33:39 AM] (489) [IDX(4)] Long operation: index execution environment /root (9817ms)
2023-08-26 08:33:39.667 [info] [Info  - 8:33:39 AM] (489) [IDX(4)] Long operation: index packages /root (9965ms)
2023-08-26 08:34:16.973 [info] [Info  - 8:34:16 AM] (489) [FG] Long operation: parsing: /root/code/experiment.ipynb:pylance-notebook-cell:X11sdnNjb2RlLXJlbW90ZQ==.py (2034ms)
2023-08-26 08:34:17.239 [info] [Info  - 8:34:17 AM] (489) [BG(1)] Long operation: parsing: /root/code/experiment.ipynb:pylance-notebook-cell:X11sdnNjb2RlLXJlbW90ZQ==.py (2091ms)
2023-08-26 08:34:17.316 [info] [Info  - 8:34:17 AM] (489) [BG(1)] Long operation: analyzing: /root/code/experiment.ipynb:pylance-notebook-cell:X11sdnNjb2RlLXJlbW90ZQ==.py (3225ms)
2023-08-26 08:34:17.319 [info] [Info  - 8:34:17 AM] (489) [BG(1)] Long operation: analyzing: /root/code/experiment.ipynb:pylance-notebook-cell:pylancePrefixCell.py (3227ms)
2023-08-26 08:34:38.868 [info] [Info  - 8:34:38 AM] (489) [IDX(5)] Long operation: scan packages /root (24175ms)
2023-08-26 08:34:44.751 [info] [Info  - 8:34:44 AM] (489) [IDX(5)] Long operation: parsing: /usr/local/lib/python3.11/xml/__init__.py (3109ms)
2023-08-26 08:34:44.756 [info] [Info  - 8:34:44 AM] (489) [IDX(5)] Long operation: indexing: /usr/local/lib/python3.11/xml/__init__.py (3277ms)
2023-08-26 08:34:44.757 [info] [Info  - 8:34:44 AM] (489) [IDX(5)] Long operation: index execution environment /root (4458ms)
2023-08-26 08:34:44.757 [info] [Info  - 8:34:44 AM] (489) [IDX(5)] Long operation: index packages /root (4571ms)
2023-08-26 08:49:15.704 [info] [Info  - 8:49:15 AM] (489) [BG(1)] Long operation: parsing: /root/code/experiment.ipynb:pylance-notebook-cell:X15sdnNjb2RlLXJlbW90ZQ==.py (3687ms)
2023-08-26 08:49:17.085 [info] [Info  - 8:49:17 AM] (489) [BG(1)] Long operation: analyzing: /root/code/experiment.ipynb:pylance-notebook-cell:X15sdnNjb2RlLXJlbW90ZQ==.py (5074ms)
2023-08-26 08:49:18.133 [info] [Info  - 8:49:18 AM] (489) [BG(1)] Long operation: analyzing: /root/code/experiment.ipynb:pylance-notebook-cell:pylancePrefixCell.py (6122ms)
2023-08-26 08:49:35.405 [info] [Info  - 8:49:35 AM] (489) [IDX(6)] Long operation: scan packages /root (22502ms)
2023-08-26 08:49:39.382 [info] [Info  - 8:49:39 AM] (489) [IDX(6)] Long operation: parsing: /usr/local/lib/python3.11/xml/__init__.py (3692ms)
2023-08-26 08:49:39.506 [info] [Info  - 8:49:39 AM] (489) [IDX(6)] Long operation: indexing: /usr/local/lib/python3.11/xml/__init__.py (3819ms)
2023-08-26 08:49:40.527 [info] [Info  - 8:49:40 AM] (489) [IDX(6)] Long operation: index execution environment /root (4852ms)
2023-08-26 08:49:40.528 [info] [Info  - 8:49:40 AM] (489) [IDX(6)] Long operation: index packages /root (4975ms)
2023-08-26 08:53:23.350 [info] [Info  - 8:53:23 AM] (489) [BG(1)] Long operation: parsing: /root/code/experiment.ipynb:pylance-notebook-cell:X15sdnNjb2RlLXJlbW90ZQ==.py (2289ms)
2023-08-26 08:53:24.624 [info] [Info  - 8:53:24 AM] (489) [BG(1)] Long operation: analyzing: /root/code/experiment.ipynb:pylance-notebook-cell:X15sdnNjb2RlLXJlbW90ZQ==.py (3565ms)
2023-08-26 08:53:25.984 [info] [Info  - 8:53:25 AM] (489) [BG(1)] Long operation: analyzing: /root/code/experiment.ipynb:pylance-notebook-cell:pylancePrefixCell.py (4925ms)
2023-08-26 08:53:46.018 [info] [Info  - 8:53:46 AM] (489) [IDX(7)] Long operation: scan packages /root (24194ms)
2023-08-26 08:53:50.995 [info] [Info  - 8:53:50 AM] (489) [IDX(7)] Long operation: parsing: /root/.vscode-server/extensions/ms-python.vscode-pylance-2023.8.40/dist/bundled/stubs/sklearn/__init__.pyi (4011ms)
2023-08-26 08:53:51.581 [info] [Info  - 8:53:51 AM] (489) [IDX(7)] Long operation: indexing: /root/.vscode-server/extensions/ms-python.vscode-pylance-2023.8.40/dist/bundled/stubs/sklearn/__init__.pyi (4611ms)
2023-08-26 08:53:53.641 [info] [Info  - 8:53:53 AM] (489) [IDX(7)] Long operation: parsing: /root/.vscode-server/extensions/ms-python.vscode-pylance-2023.8.40/dist/bundled/stubs/sklearn/utils/_estimator_html_repr.pyi (2041ms)
2023-08-26 08:53:56.011 [info] [Info  - 8:53:56 AM] (489) [IDX(7)] Long operation: parsing: /root/.vscode-server/extensions/ms-python.vscode-pylance-2023.8.40/dist/bundled/stubs/sklearn/utils/validation.pyi (2324ms)
2023-08-26 08:53:56.402 [info] [Info  - 8:53:56 AM] (489) [IDX(7)] Long operation: indexing: /root/.vscode-server/extensions/ms-python.vscode-pylance-2023.8.40/dist/bundled/stubs/sklearn/base.pyi (4821ms)
2023-08-26 08:53:59.915 [info] [Info  - 8:53:59 AM] (489) [IDX(7)] Long operation: indexing: /root/.vscode-server/extensions/ms-python.vscode-pylance-2023.8.40/dist/bundled/stubs/sklearn/calibration.pyi (3513ms)
2023-08-26 08:54:06.039 [info] [Info  - 8:54:06 AM] (489) [IDX(7)] Long operation: indexing: /root/.vscode-server/extensions/ms-python.vscode-pylance-2023.8.40/dist/bundled/stubs/sklearn/conftest.pyi (4604ms)
2023-08-26 08:54:08.200 [info] [Info  - 8:54:08 AM] (489) [IDX(7)] Long operation: indexing: /root/.vscode-server/extensions/ms-python.vscode-pylance-2023.8.40/dist/bundled/stubs/sklearn/covariance/__init__.pyi (2161ms)
2023-08-26 08:54:16.380 [info] [Info  - 8:54:16 AM] (489) [IDX(7)] Long operation: parsing: /root/.vscode-server/extensions/ms-python.vscode-pylance-2023.8.40/dist/bundled/stubs/sklearn/metrics/pairwise.pyi (2047ms)
2023-08-26 08:54:16.381 [info] [Info  - 8:54:16 AM] (489) [IDX(7)] Long operation: indexing: /root/.vscode-server/extensions/ms-python.vscode-pylance-2023.8.40/dist/bundled/stubs/sklearn/kernel_approximation.pyi (2563ms)
2023-08-26 08:54:26.426 [info] [Info  - 8:54:26 AM] (489) [IDX(7)] Long operation: index execution environment /root (39461ms)
2023-08-26 08:54:26.466 [info] [Info  - 8:54:26 AM] (489) [IDX(7)] Long operation: index packages /root (39621ms)
